<?xml version="1.0" encoding="UTF-8"?>
<coverage generated="1522686359513" clover="3.2.0">
  <project timestamp="1522686359514" name="All files">
    <metrics statements="69" coveredstatements="45" conditionals="3" coveredconditionals="3" methods="20" coveredmethods="8" elements="92" coveredelements="56" complexity="0" loc="69" ncloc="69" packages="2" files="3" classes="3">
      <package name="operations">
        <metrics statements="65" coveredstatements="41" conditionals="0" coveredconditionals="0" methods="16" coveredmethods="4"/>
        <file name="repository.js" path="/Users/kepler/labs/banana-coin/src/operations/repository.js">
          <metrics statements="25" coveredstatements="15" conditionals="0" coveredconditionals="0" methods="10" coveredmethods="2"/>
          <line num="1" count="1" type="stmt"/>
          <line num="3" count="1" type="stmt"/>
          <line num="5" count="1" type="stmt"/>
          <line num="7" count="1" type="stmt"/>
          <line num="8" count="1" type="stmt"/>
          <line num="11" count="1" type="stmt"/>
          <line num="12" count="0" type="stmt"/>
          <line num="15" count="1" type="stmt"/>
          <line num="16" count="2" type="stmt"/>
          <line num="18" count="2" type="stmt"/>
          <line num="23" count="2" type="stmt"/>
          <line num="26" count="1" type="stmt"/>
          <line num="27" count="0" type="stmt"/>
          <line num="28" count="0" type="stmt"/>
          <line num="29" count="0" type="stmt"/>
          <line num="31" count="0" type="stmt"/>
          <line num="32" count="0" type="stmt"/>
          <line num="35" count="1" type="stmt"/>
          <line num="36" count="0" type="stmt"/>
          <line num="39" count="1" type="stmt"/>
          <line num="40" count="0" type="stmt"/>
          <line num="42" count="0" type="stmt"/>
          <line num="48" count="1" type="stmt"/>
          <line num="49" count="0" type="stmt"/>
          <line num="52" count="1" type="stmt"/>
        </file>
        <file name="routes.js" path="/Users/kepler/labs/banana-coin/src/operations/routes.js">
          <metrics statements="40" coveredstatements="26" conditionals="0" coveredconditionals="0" methods="6" coveredmethods="2"/>
          <line num="1" count="1" type="stmt"/>
          <line num="3" count="1" type="stmt"/>
          <line num="4" count="1" type="stmt"/>
          <line num="9" count="1" type="stmt"/>
          <line num="10" count="1" type="stmt"/>
          <line num="11" count="1" type="stmt"/>
          <line num="13" count="0" type="stmt"/>
          <line num="17" count="1" type="stmt"/>
          <line num="18" count="1" type="stmt"/>
          <line num="23" count="1" type="stmt"/>
          <line num="24" count="0" type="stmt"/>
          <line num="25" count="0" type="stmt"/>
          <line num="27" count="0" type="stmt"/>
          <line num="31" count="1" type="stmt"/>
          <line num="32" count="1" type="stmt"/>
          <line num="37" count="1" type="stmt"/>
          <line num="38" count="2" type="stmt"/>
          <line num="39" count="2" type="stmt"/>
          <line num="44" count="2" type="stmt"/>
          <line num="46" count="0" type="stmt"/>
          <line num="50" count="1" type="stmt"/>
          <line num="51" count="1" type="stmt"/>
          <line num="56" count="1" type="stmt"/>
          <line num="57" count="0" type="stmt"/>
          <line num="58" count="0" type="stmt"/>
          <line num="60" count="0" type="stmt"/>
          <line num="64" count="1" type="stmt"/>
          <line num="65" count="1" type="stmt"/>
          <line num="70" count="1" type="stmt"/>
          <line num="71" count="0" type="stmt"/>
          <line num="72" count="0" type="stmt"/>
          <line num="74" count="0" type="stmt"/>
          <line num="78" count="1" type="stmt"/>
          <line num="79" count="1" type="stmt"/>
          <line num="84" count="1" type="stmt"/>
          <line num="85" count="0" type="stmt"/>
          <line num="86" count="0" type="stmt"/>
          <line num="88" count="0" type="stmt"/>
          <line num="92" count="1" type="stmt"/>
          <line num="93" count="1" type="stmt"/>
        </file>
      </package>
      <package name="operations.test">
        <metrics statements="4" coveredstatements="4" conditionals="3" coveredconditionals="3" methods="4" coveredmethods="4"/>
        <file name="stubs.js" path="/Users/kepler/labs/banana-coin/src/operations/test/stubs.js">
          <metrics statements="4" coveredstatements="4" conditionals="3" coveredconditionals="3" methods="4" coveredmethods="4"/>
          <line num="2" count="2" type="stmt"/>
          <line num="7" count="2" type="stmt"/>
          <line num="9" count="2" type="cond" truecount="1" falsecount="0"/>
          <line num="14" count="2" type="cond" truecount="2" falsecount="0"/>
        </file>
      </package>
    </metrics>
  </project>
</coverage>
