{"/Users/kepler/labs/banana-coin/src/operations/repository.js": {"path":"/Users/kepler/labs/banana-coin/src/operations/repository.js","statementMap":{"0":{"start":{"line":1,"column":29},"end":{"line":1,"column":43}},"1":{"start":{"line":3,"column":22},"end":{"line":3,"column":24}},"2":{"start":{"line":5,"column":0},"end":{"line":5,"column":47}},"3":{"start":{"line":7,"column":0},"end":{"line":9,"column":1}},"4":{"start":{"line":8,"column":2},"end":{"line":8,"column":24}},"5":{"start":{"line":11,"column":0},"end":{"line":13,"column":1}},"6":{"start":{"line":12,"column":2},"end":{"line":12,"column":51}},"7":{"start":{"line":12,"column":38},"end":{"line":12,"column":50}},"8":{"start":{"line":15,"column":0},"end":{"line":24,"column":1}},"9":{"start":{"line":16,"column":13},"end":{"line":16,"column":35}},"10":{"start":{"line":18,"column":2},"end":{"line":21,"column":4}},"11":{"start":{"line":23,"column":2},"end":{"line":23,"column":11}},"12":{"start":{"line":26,"column":0},"end":{"line":33,"column":1}},"13":{"start":{"line":27,"column":20},"end":{"line":27,"column":46}},"14":{"start":{"line":28,"column":16},"end":{"line":28,"column":33}},"15":{"start":{"line":29,"column":21},"end":{"line":29,"column":41}},"16":{"start":{"line":31,"column":2},"end":{"line":31,"column":31}},"17":{"start":{"line":32,"column":2},"end":{"line":32,"column":30}},"18":{"start":{"line":35,"column":0},"end":{"line":37,"column":1}},"19":{"start":{"line":36,"column":2},"end":{"line":36,"column":56}},"20":{"start":{"line":36,"column":43},"end":{"line":36,"column":55}},"21":{"start":{"line":39,"column":0},"end":{"line":46,"column":1}},"22":{"start":{"line":40,"column":16},"end":{"line":40,"column":33}},"23":{"start":{"line":42,"column":2},"end":{"line":45,"column":3}},"24":{"start":{"line":48,"column":0},"end":{"line":50,"column":1}},"25":{"start":{"line":49,"column":2},"end":{"line":49,"column":33}},"26":{"start":{"line":52,"column":0},"end":{"line":52,"column":37}}},"fnMap":{"0":{"name":"(anonymous_0)","decl":{"start":{"line":1,"column":29},"end":{"line":1,"column":30}},"loc":{"start":{"line":1,"column":41},"end":{"line":1,"column":43}},"line":1},"1":{"name":"(anonymous_1)","decl":{"start":{"line":7,"column":30},"end":{"line":7,"column":31}},"loc":{"start":{"line":7,"column":42},"end":{"line":9,"column":1}},"line":7},"2":{"name":"(anonymous_2)","decl":{"start":{"line":11,"column":27},"end":{"line":11,"column":28}},"loc":{"start":{"line":11,"column":41},"end":{"line":13,"column":1}},"line":11},"3":{"name":"(anonymous_3)","decl":{"start":{"line":12,"column":30},"end":{"line":12,"column":31}},"loc":{"start":{"line":12,"column":38},"end":{"line":12,"column":50}},"line":12},"4":{"name":"(anonymous_4)","decl":{"start":{"line":15,"column":30},"end":{"line":15,"column":31}},"loc":{"start":{"line":15,"column":51},"end":{"line":24,"column":1}},"line":15},"5":{"name":"(anonymous_5)","decl":{"start":{"line":26,"column":30},"end":{"line":26,"column":31}},"loc":{"start":{"line":26,"column":51},"end":{"line":33,"column":1}},"line":26},"6":{"name":"(anonymous_6)","decl":{"start":{"line":35,"column":32},"end":{"line":35,"column":33}},"loc":{"start":{"line":35,"column":46},"end":{"line":37,"column":1}},"line":35},"7":{"name":"(anonymous_7)","decl":{"start":{"line":36,"column":35},"end":{"line":36,"column":36}},"loc":{"start":{"line":36,"column":43},"end":{"line":36,"column":55}},"line":36},"8":{"name":"(anonymous_8)","decl":{"start":{"line":39,"column":30},"end":{"line":39,"column":31}},"loc":{"start":{"line":39,"column":44},"end":{"line":46,"column":1}},"line":39},"9":{"name":"(anonymous_9)","decl":{"start":{"line":48,"column":29},"end":{"line":48,"column":30}},"loc":{"start":{"line":48,"column":41},"end":{"line":50,"column":1}},"line":48}},"branchMap":{},"s":{"0":1,"1":1,"2":1,"3":1,"4":1,"5":1,"6":0,"7":0,"8":1,"9":2,"10":2,"11":2,"12":1,"13":0,"14":0,"15":0,"16":0,"17":0,"18":1,"19":0,"20":0,"21":1,"22":0,"23":0,"24":1,"25":0,"26":1},"f":{"0":0,"1":1,"2":0,"3":0,"4":2,"5":0,"6":0,"7":0,"8":0,"9":0},"b":{},"_coverageSchema":"332fd63041d2c1bcb487cc26dd0d5f7d97098a6c","hash":"8c558056eee23d549aefbe3be339d78a0499540d"}
,"/Users/kepler/labs/banana-coin/src/operations/routes.js": {"path":"/Users/kepler/labs/banana-coin/src/operations/routes.js","statementMap":{"0":{"start":{"line":1,"column":19},"end":{"line":1,"column":42}},"1":{"start":{"line":3,"column":20},"end":{"line":3,"column":26}},"2":{"start":{"line":4,"column":21},"end":{"line":4,"column":28}},"3":{"start":{"line":9,"column":15},"end":{"line":15,"column":1}},"4":{"start":{"line":10,"column":2},"end":{"line":14,"column":3}},"5":{"start":{"line":11,"column":4},"end":{"line":11,"column":40}},"6":{"start":{"line":13,"column":4},"end":{"line":13,"column":31}},"7":{"start":{"line":17,"column":0},"end":{"line":17,"column":19}},"8":{"start":{"line":18,"column":0},"end":{"line":18,"column":17}},"9":{"start":{"line":23,"column":16},"end":{"line":29,"column":1}},"10":{"start":{"line":24,"column":2},"end":{"line":28,"column":3}},"11":{"start":{"line":25,"column":4},"end":{"line":25,"column":50}},"12":{"start":{"line":27,"column":4},"end":{"line":27,"column":32}},"13":{"start":{"line":31,"column":0},"end":{"line":31,"column":20}},"14":{"start":{"line":32,"column":0},"end":{"line":32,"column":21}},"15":{"start":{"line":37,"column":15},"end":{"line":48,"column":1}},"16":{"start":{"line":38,"column":2},"end":{"line":47,"column":3}},"17":{"start":{"line":39,"column":27},"end":{"line":42,"column":6}},"18":{"start":{"line":44,"column":4},"end":{"line":44,"column":43}},"19":{"start":{"line":46,"column":4},"end":{"line":46,"column":31}},"20":{"start":{"line":50,"column":0},"end":{"line":50,"column":20}},"21":{"start":{"line":51,"column":0},"end":{"line":51,"column":17}},"22":{"start":{"line":56,"column":19},"end":{"line":62,"column":1}},"23":{"start":{"line":57,"column":2},"end":{"line":61,"column":3}},"24":{"start":{"line":58,"column":4},"end":{"line":58,"column":63}},"25":{"start":{"line":60,"column":4},"end":{"line":60,"column":31}},"26":{"start":{"line":64,"column":0},"end":{"line":64,"column":23}},"27":{"start":{"line":65,"column":0},"end":{"line":65,"column":24}},"28":{"start":{"line":70,"column":19},"end":{"line":76,"column":1}},"29":{"start":{"line":71,"column":2},"end":{"line":75,"column":3}},"30":{"start":{"line":72,"column":4},"end":{"line":72,"column":53}},"31":{"start":{"line":74,"column":4},"end":{"line":74,"column":31}},"32":{"start":{"line":78,"column":0},"end":{"line":78,"column":26}},"33":{"start":{"line":79,"column":0},"end":{"line":79,"column":24}},"34":{"start":{"line":84,"column":18},"end":{"line":90,"column":1}},"35":{"start":{"line":85,"column":2},"end":{"line":89,"column":3}},"36":{"start":{"line":86,"column":4},"end":{"line":86,"column":79}},"37":{"start":{"line":88,"column":4},"end":{"line":88,"column":31}},"38":{"start":{"line":92,"column":0},"end":{"line":92,"column":22}},"39":{"start":{"line":93,"column":0},"end":{"line":93,"column":29}}},"fnMap":{"0":{"name":"(anonymous_0)","decl":{"start":{"line":9,"column":39},"end":{"line":9,"column":40}},"loc":{"start":{"line":9,"column":53},"end":{"line":15,"column":1}},"line":9},"1":{"name":"(anonymous_1)","decl":{"start":{"line":23,"column":41},"end":{"line":23,"column":42}},"loc":{"start":{"line":23,"column":55},"end":{"line":29,"column":1}},"line":23},"2":{"name":"(anonymous_2)","decl":{"start":{"line":37,"column":39},"end":{"line":37,"column":40}},"loc":{"start":{"line":37,"column":53},"end":{"line":48,"column":1}},"line":37},"3":{"name":"(anonymous_3)","decl":{"start":{"line":56,"column":47},"end":{"line":56,"column":48}},"loc":{"start":{"line":56,"column":61},"end":{"line":62,"column":1}},"line":56},"4":{"name":"(anonymous_4)","decl":{"start":{"line":70,"column":47},"end":{"line":70,"column":48}},"loc":{"start":{"line":70,"column":61},"end":{"line":76,"column":1}},"line":70},"5":{"name":"(anonymous_5)","decl":{"start":{"line":84,"column":45},"end":{"line":84,"column":46}},"loc":{"start":{"line":84,"column":59},"end":{"line":90,"column":1}},"line":84}},"branchMap":{},"s":{"0":1,"1":1,"2":1,"3":1,"4":1,"5":1,"6":0,"7":1,"8":1,"9":1,"10":0,"11":0,"12":0,"13":1,"14":1,"15":1,"16":2,"17":2,"18":2,"19":0,"20":1,"21":1,"22":1,"23":0,"24":0,"25":0,"26":1,"27":1,"28":1,"29":0,"30":0,"31":0,"32":1,"33":1,"34":1,"35":0,"36":0,"37":0,"38":1,"39":1},"f":{"0":1,"1":0,"2":2,"3":0,"4":0,"5":0},"b":{},"_coverageSchema":"332fd63041d2c1bcb487cc26dd0d5f7d97098a6c","hash":"79a5b0d56ec8dbd915b25d4f82d2ce3fc6979fa2"}
,"/Users/kepler/labs/banana-coin/src/operations/test/stubs.js": {"path":"/Users/kepler/labs/banana-coin/src/operations/test/stubs.js","statementMap":{"0":{"start":{"line":2,"column":16},"end":{"line":5,"column":2}},"1":{"start":{"line":2,"column":48},"end":{"line":5,"column":1}},"2":{"start":{"line":7,"column":14},"end":{"line":7,"column":47}},"3":{"start":{"line":7,"column":43},"end":{"line":7,"column":47}},"4":{"start":{"line":9,"column":0},"end":{"line":12,"column":2}},"5":{"start":{"line":9,"column":50},"end":{"line":12,"column":1}},"6":{"start":{"line":14,"column":0},"end":{"line":17,"column":2}},"7":{"start":{"line":14,"column":64},"end":{"line":17,"column":1}}},"fnMap":{"0":{"name":"(anonymous_0)","decl":{"start":{"line":2,"column":41},"end":{"line":2,"column":42}},"loc":{"start":{"line":2,"column":48},"end":{"line":5,"column":1}},"line":2},"1":{"name":"(anonymous_1)","decl":{"start":{"line":7,"column":37},"end":{"line":7,"column":38}},"loc":{"start":{"line":7,"column":43},"end":{"line":7,"column":47}},"line":7},"2":{"name":"(anonymous_2)","decl":{"start":{"line":9,"column":27},"end":{"line":9,"column":28}},"loc":{"start":{"line":9,"column":50},"end":{"line":12,"column":1}},"line":9},"3":{"name":"(anonymous_3)","decl":{"start":{"line":14,"column":27},"end":{"line":14,"column":28}},"loc":{"start":{"line":14,"column":64},"end":{"line":17,"column":1}},"line":14}},"branchMap":{"0":{"loc":{"start":{"line":9,"column":28},"end":{"line":9,"column":44}},"type":"default-arg","locations":[{"start":{"line":9,"column":35},"end":{"line":9,"column":44}}],"line":9},"1":{"loc":{"start":{"line":14,"column":28},"end":{"line":14,"column":44}},"type":"default-arg","locations":[{"start":{"line":14,"column":35},"end":{"line":14,"column":44}}],"line":14},"2":{"loc":{"start":{"line":14,"column":46},"end":{"line":14,"column":58}},"type":"default-arg","locations":[{"start":{"line":14,"column":51},"end":{"line":14,"column":58}}],"line":14}},"s":{"0":1,"1":2,"2":1,"3":2,"4":1,"5":2,"6":1,"7":2},"f":{"0":2,"1":2,"2":2,"3":2},"b":{"0":[2],"1":[2],"2":[2]},"_coverageSchema":"332fd63041d2c1bcb487cc26dd0d5f7d97098a6c","hash":"be25c57737f292c25bc6398a5ab9aedf47f9bac6"}
}
