TN:
SF:/Users/kepler/labs/banana-coin/src/operations/repository.js
FN:1,(anonymous_0)
FN:7,(anonymous_1)
FN:11,(anonymous_2)
FN:12,(anonymous_3)
FN:15,(anonymous_4)
FN:26,(anonymous_5)
FN:35,(anonymous_6)
FN:36,(anonymous_7)
FN:39,(anonymous_8)
FN:48,(anonymous_9)
FNF:10
FNH:2
FNDA:0,(anonymous_0)
FNDA:1,(anonymous_1)
FNDA:0,(anonymous_2)
FNDA:0,(anonymous_3)
FNDA:2,(anonymous_4)
FNDA:0,(anonymous_5)
FNDA:0,(anonymous_6)
FNDA:0,(anonymous_7)
FNDA:0,(anonymous_8)
FNDA:0,(anonymous_9)
DA:1,1
DA:3,1
DA:5,1
DA:7,1
DA:8,1
DA:11,1
DA:12,0
DA:15,1
DA:16,2
DA:18,2
DA:23,2
DA:26,1
DA:27,0
DA:28,0
DA:29,0
DA:31,0
DA:32,0
DA:35,1
DA:36,0
DA:39,1
DA:40,0
DA:42,0
DA:48,1
DA:49,0
DA:52,1
LF:25
LH:15
BRF:0
BRH:0
end_of_record
TN:
SF:/Users/kepler/labs/banana-coin/src/operations/routes.js
FN:9,(anonymous_0)
FN:23,(anonymous_1)
FN:37,(anonymous_2)
FN:56,(anonymous_3)
FN:70,(anonymous_4)
FN:84,(anonymous_5)
FNF:6
FNH:2
FNDA:1,(anonymous_0)
FNDA:0,(anonymous_1)
FNDA:2,(anonymous_2)
FNDA:0,(anonymous_3)
FNDA:0,(anonymous_4)
FNDA:0,(anonymous_5)
DA:1,1
DA:3,1
DA:4,1
DA:9,1
DA:10,1
DA:11,1
DA:13,0
DA:17,1
DA:18,1
DA:23,1
DA:24,0
DA:25,0
DA:27,0
DA:31,1
DA:32,1
DA:37,1
DA:38,2
DA:39,2
DA:44,2
DA:46,0
DA:50,1
DA:51,1
DA:56,1
DA:57,0
DA:58,0
DA:60,0
DA:64,1
DA:65,1
DA:70,1
DA:71,0
DA:72,0
DA:74,0
DA:78,1
DA:79,1
DA:84,1
DA:85,0
DA:86,0
DA:88,0
DA:92,1
DA:93,1
LF:40
LH:26
BRF:0
BRH:0
end_of_record
TN:
SF:/Users/kepler/labs/banana-coin/src/operations/test/stubs.js
FN:2,(anonymous_0)
FN:7,(anonymous_1)
FN:9,(anonymous_2)
FN:14,(anonymous_3)
FNF:4
FNH:4
FNDA:2,(anonymous_0)
FNDA:2,(anonymous_1)
FNDA:2,(anonymous_2)
FNDA:2,(anonymous_3)
DA:2,2
DA:7,2
DA:9,2
DA:14,2
LF:4
LH:4
BRDA:9,0,0,2
BRDA:14,1,0,2
BRDA:14,2,0,2
BRF:3
BRH:3
end_of_record
